2025-07-10 13:33:57,507 DEBUG    root            Loaded Command Group: ['gcloud', 'components']
2025-07-10 13:33:57,511 DEBUG    root            Loaded Command Group: ['gcloud', 'components', 'update']
2025-07-10 13:33:57,513 DEBUG    root            Running [gcloud.components.update] with arguments: [--compile-python: "True", --quiet: "True", COMPONENT-IDS:6: "['core', 'gcloud-deps', 'bq', 'gcloud', 'gcloud-crc32c', 'gsutil']"]
2025-07-10 13:33:57,514 INFO     ___FILE_ONLY___ Beginning update. This process may take several minutes.

2025-07-10 13:33:57,545 DEBUG    urllib3.connectionpool Starting new HTTPS connection (1): dl.google.com:443
2025-07-10 13:33:57,735 DEBUG    urllib3.connectionpool https://dl.google.com:443 "GET /dl/cloudsdk/channels/rapid/components-2.json HTTP/11" 200 239798
2025-07-10 13:33:57,747 INFO     ___FILE_ONLY___ 

2025-07-10 13:33:57,748 INFO     ___FILE_ONLY___ 
Your current Google Cloud CLI version is: 529.0.0

2025-07-10 13:33:57,748 INFO     ___FILE_ONLY___ Installing components from version: 529.0.0

2025-07-10 13:33:57,748 INFO     ___FILE_ONLY___ 

2025-07-10 13:33:57,748 DEBUG    root            Chosen display Format:table[box,title="These components will be removed."](details.display_name:label=Name:align=left,version.version_string:label=Version:align=right,data.size.size(zero="",min=1048576):label=Size:align=right)
2025-07-10 13:33:57,748 DEBUG    root            Chosen display Format:table[box,title="These components will be updated."](details.display_name:label=Name:align=left,version.version_string:label=Version:align=right,data.size.size(zero="",min=1048576):label=Size:align=right)
2025-07-10 13:33:57,749 DEBUG    root            Chosen display Format:table[box,title="These components will be installed."](details.display_name:label=Name:align=left,version.version_string:label=Version:align=right,data.size.size(zero="",min=1048576):label=Size:align=right)
2025-07-10 13:33:57,786 INFO     ___FILE_ONLY___ ┌─────────────────────────────────────────────────────────────────────────────┐
2025-07-10 13:33:57,786 INFO     ___FILE_ONLY___ 

2025-07-10 13:33:57,787 INFO     ___FILE_ONLY___ │                     These components will be installed.                     │
2025-07-10 13:33:57,787 INFO     ___FILE_ONLY___ 

2025-07-10 13:33:57,787 INFO     ___FILE_ONLY___ ├─────────────────────────────────────────────────────┬────────────┬──────────┤
2025-07-10 13:33:57,787 INFO     ___FILE_ONLY___ 

2025-07-10 13:33:57,787 INFO     ___FILE_ONLY___ │                         Name                        │  Version   │   Size   │
2025-07-10 13:33:57,787 INFO     ___FILE_ONLY___ 

2025-07-10 13:33:57,787 INFO     ___FILE_ONLY___ ├─────────────────────────────────────────────────────┼────────────┼──────────┤
2025-07-10 13:33:57,787 INFO     ___FILE_ONLY___ 

2025-07-10 13:33:57,787 INFO     ___FILE_ONLY___ │ 
2025-07-10 13:33:57,787 INFO     ___FILE_ONLY___ BigQuery Command Line Tool                         
2025-07-10 13:33:57,787 INFO     ___FILE_ONLY___  
2025-07-10 13:33:57,787 INFO     ___FILE_ONLY___ │ 
2025-07-10 13:33:57,787 INFO     ___FILE_ONLY___     2.1.19
2025-07-10 13:33:57,787 INFO     ___FILE_ONLY___  
2025-07-10 13:33:57,787 INFO     ___FILE_ONLY___ │ 
2025-07-10 13:33:57,787 INFO     ___FILE_ONLY___  1.8 MiB
2025-07-10 13:33:57,787 INFO     ___FILE_ONLY___  
2025-07-10 13:33:57,787 INFO     ___FILE_ONLY___ │
2025-07-10 13:33:57,787 INFO     ___FILE_ONLY___ 

2025-07-10 13:33:57,788 INFO     ___FILE_ONLY___ │ 
2025-07-10 13:33:57,788 INFO     ___FILE_ONLY___ BigQuery Command Line Tool (Platform Specific)     
2025-07-10 13:33:57,788 INFO     ___FILE_ONLY___  
2025-07-10 13:33:57,788 INFO     ___FILE_ONLY___ │ 
2025-07-10 13:33:57,788 INFO     ___FILE_ONLY___     2.1.17
2025-07-10 13:33:57,788 INFO     ___FILE_ONLY___  
2025-07-10 13:33:57,788 INFO     ___FILE_ONLY___ │ 
2025-07-10 13:33:57,788 INFO     ___FILE_ONLY___  < 1 MiB
2025-07-10 13:33:57,788 INFO     ___FILE_ONLY___  
2025-07-10 13:33:57,788 INFO     ___FILE_ONLY___ │
2025-07-10 13:33:57,788 INFO     ___FILE_ONLY___ 

2025-07-10 13:33:57,788 INFO     ___FILE_ONLY___ │ 
2025-07-10 13:33:57,788 INFO     ___FILE_ONLY___ Bundled Python 3.12 (Platform Specific)            
2025-07-10 13:33:57,788 INFO     ___FILE_ONLY___  
2025-07-10 13:33:57,788 INFO     ___FILE_ONLY___ │ 
2025-07-10 13:33:57,788 INFO     ___FILE_ONLY___     3.12.9
2025-07-10 13:33:57,788 INFO     ___FILE_ONLY___  
2025-07-10 13:33:57,788 INFO     ___FILE_ONLY___ │ 
2025-07-10 13:33:57,788 INFO     ___FILE_ONLY___ 89.3 MiB
2025-07-10 13:33:57,788 INFO     ___FILE_ONLY___  
2025-07-10 13:33:57,788 INFO     ___FILE_ONLY___ │
2025-07-10 13:33:57,788 INFO     ___FILE_ONLY___ 

2025-07-10 13:33:57,789 INFO     ___FILE_ONLY___ │ 
2025-07-10 13:33:57,789 INFO     ___FILE_ONLY___ Cloud Storage Command Line Tool                    
2025-07-10 13:33:57,789 INFO     ___FILE_ONLY___  
2025-07-10 13:33:57,789 INFO     ___FILE_ONLY___ │ 
2025-07-10 13:33:57,789 INFO     ___FILE_ONLY___       5.35
2025-07-10 13:33:57,789 INFO     ___FILE_ONLY___  
2025-07-10 13:33:57,789 INFO     ___FILE_ONLY___ │ 
2025-07-10 13:33:57,789 INFO     ___FILE_ONLY___ 12.4 MiB
2025-07-10 13:33:57,789 INFO     ___FILE_ONLY___  
2025-07-10 13:33:57,789 INFO     ___FILE_ONLY___ │
2025-07-10 13:33:57,789 INFO     ___FILE_ONLY___ 

2025-07-10 13:33:57,789 INFO     ___FILE_ONLY___ │ 
2025-07-10 13:33:57,789 INFO     ___FILE_ONLY___ Cloud Storage Command Line Tool (Platform Specific)
2025-07-10 13:33:57,789 INFO     ___FILE_ONLY___  
2025-07-10 13:33:57,789 INFO     ___FILE_ONLY___ │ 
2025-07-10 13:33:57,789 INFO     ___FILE_ONLY___       5.34
2025-07-10 13:33:57,789 INFO     ___FILE_ONLY___  
2025-07-10 13:33:57,789 INFO     ___FILE_ONLY___ │ 
2025-07-10 13:33:57,789 INFO     ___FILE_ONLY___  < 1 MiB
2025-07-10 13:33:57,789 INFO     ___FILE_ONLY___  
2025-07-10 13:33:57,790 INFO     ___FILE_ONLY___ │
2025-07-10 13:33:57,790 INFO     ___FILE_ONLY___ 

2025-07-10 13:33:57,790 INFO     ___FILE_ONLY___ │ 
2025-07-10 13:33:57,790 INFO     ___FILE_ONLY___ Google Cloud CLI Core Libraries (Platform Specific)
2025-07-10 13:33:57,790 INFO     ___FILE_ONLY___  
2025-07-10 13:33:57,790 INFO     ___FILE_ONLY___ │ 
2025-07-10 13:33:57,790 INFO     ___FILE_ONLY___ 2025.05.23
2025-07-10 13:33:57,790 INFO     ___FILE_ONLY___  
2025-07-10 13:33:57,790 INFO     ___FILE_ONLY___ │ 
2025-07-10 13:33:57,790 INFO     ___FILE_ONLY___  < 1 MiB
2025-07-10 13:33:57,790 INFO     ___FILE_ONLY___  
2025-07-10 13:33:57,790 INFO     ___FILE_ONLY___ │
2025-07-10 13:33:57,790 INFO     ___FILE_ONLY___ 

2025-07-10 13:33:57,790 INFO     ___FILE_ONLY___ │ 
2025-07-10 13:33:57,790 INFO     ___FILE_ONLY___ Google Cloud CRC32C Hash Tool (Platform Specific)  
2025-07-10 13:33:57,790 INFO     ___FILE_ONLY___  
2025-07-10 13:33:57,790 INFO     ___FILE_ONLY___ │ 
2025-07-10 13:33:57,790 INFO     ___FILE_ONLY___      1.0.0
2025-07-10 13:33:57,790 INFO     ___FILE_ONLY___  
2025-07-10 13:33:57,790 INFO     ___FILE_ONLY___ │ 
2025-07-10 13:33:57,790 INFO     ___FILE_ONLY___  1.5 MiB
2025-07-10 13:33:57,791 INFO     ___FILE_ONLY___  
2025-07-10 13:33:57,791 INFO     ___FILE_ONLY___ │
2025-07-10 13:33:57,791 INFO     ___FILE_ONLY___ 

2025-07-10 13:33:57,791 INFO     ___FILE_ONLY___ │ 
2025-07-10 13:33:57,791 INFO     ___FILE_ONLY___ gcloud cli dependencies (Platform Specific)        
2025-07-10 13:33:57,791 INFO     ___FILE_ONLY___  
2025-07-10 13:33:57,791 INFO     ___FILE_ONLY___ │ 
2025-07-10 13:33:57,791 INFO     ___FILE_ONLY___ 2021.04.16
2025-07-10 13:33:57,791 INFO     ___FILE_ONLY___  
2025-07-10 13:33:57,791 INFO     ___FILE_ONLY___ │ 
2025-07-10 13:33:57,791 INFO     ___FILE_ONLY___  < 1 MiB
2025-07-10 13:33:57,791 INFO     ___FILE_ONLY___  
2025-07-10 13:33:57,791 INFO     ___FILE_ONLY___ │
2025-07-10 13:33:57,791 INFO     ___FILE_ONLY___ 

2025-07-10 13:33:57,791 INFO     ___FILE_ONLY___ └─────────────────────────────────────────────────────┴────────────┴──────────┘
2025-07-10 13:33:57,791 INFO     ___FILE_ONLY___ 

2025-07-10 13:33:57,791 INFO     ___FILE_ONLY___ 

2025-07-10 13:33:57,795 DEBUG    urllib3.connectionpool Starting new HTTPS connection (1): dl.google.com:443
2025-07-10 13:33:58,889 DEBUG    urllib3.connectionpool https://dl.google.com:443 "GET /dl/cloudsdk/channels/rapid/RELEASE_NOTES HTTP/11" 200 1444035
2025-07-10 13:33:59,394 INFO     ___FILE_ONLY___ For the latest full release notes, please visit:
  https://cloud.google.com/sdk/release_notes


2025-07-10 13:33:59,395 INFO     ___FILE_ONLY___ Performing in place update...


2025-07-10 13:33:59,397 INFO     ___FILE_ONLY___ ╔════════════════════════════════════════════════════════════╗

2025-07-10 13:33:59,397 INFO     ___FILE_ONLY___ ╠═ Downloading: BigQuery Command Line Tool                  ═╣

2025-07-10 13:33:59,397 INFO     ___FILE_ONLY___ ╚
2025-07-10 13:33:59,400 DEBUG    urllib3.connectionpool Starting new HTTPS connection (1): dl.google.com:443
2025-07-10 13:34:00,464 DEBUG    urllib3.connectionpool https://dl.google.com:443 "GET /dl/cloudsdk/channels/rapid/components/google-cloud-sdk-bq-20250627154417.tar.gz HTTP/11" 200 1850167
2025-07-10 13:34:00,477 INFO     ___FILE_ONLY___ ═
2025-07-10 13:34:00,477 INFO     ___FILE_ONLY___ ═
2025-07-10 13:34:00,477 INFO     ___FILE_ONLY___ ═
2025-07-10 13:34:00,477 INFO     ___FILE_ONLY___ ═
2025-07-10 13:34:00,477 INFO     ___FILE_ONLY___ ═
2025-07-10 13:34:00,477 INFO     ___FILE_ONLY___ ═
2025-07-10 13:34:00,477 INFO     ___FILE_ONLY___ ═
2025-07-10 13:34:00,477 INFO     ___FILE_ONLY___ ═
2025-07-10 13:34:00,477 INFO     ___FILE_ONLY___ ═
2025-07-10 13:34:00,478 INFO     ___FILE_ONLY___ ═
2025-07-10 13:34:00,478 INFO     ___FILE_ONLY___ ═
2025-07-10 13:34:00,478 INFO     ___FILE_ONLY___ ═
2025-07-10 13:34:00,478 INFO     ___FILE_ONLY___ ═
2025-07-10 13:34:00,478 INFO     ___FILE_ONLY___ ═
2025-07-10 13:34:00,478 INFO     ___FILE_ONLY___ ═
2025-07-10 13:34:00,478 INFO     ___FILE_ONLY___ ═
2025-07-10 13:34:00,478 INFO     ___FILE_ONLY___ ═
2025-07-10 13:34:00,478 INFO     ___FILE_ONLY___ ═
2025-07-10 13:34:00,478 INFO     ___FILE_ONLY___ ═
2025-07-10 13:34:00,478 INFO     ___FILE_ONLY___ ═
2025-07-10 13:34:00,479 INFO     ___FILE_ONLY___ ═
2025-07-10 13:34:00,479 INFO     ___FILE_ONLY___ ═
2025-07-10 13:34:00,479 INFO     ___FILE_ONLY___ ═
2025-07-10 13:34:00,479 INFO     ___FILE_ONLY___ ═
2025-07-10 13:34:00,479 INFO     ___FILE_ONLY___ ═
2025-07-10 13:34:00,479 INFO     ___FILE_ONLY___ ═
2025-07-10 13:34:00,479 INFO     ___FILE_ONLY___ ═
2025-07-10 13:34:00,479 INFO     ___FILE_ONLY___ ═
2025-07-10 13:34:00,479 INFO     ___FILE_ONLY___ ═
2025-07-10 13:34:00,479 INFO     ___FILE_ONLY___ ═
2025-07-10 13:34:00,479 INFO     ___FILE_ONLY___ ═
2025-07-10 13:34:00,480 INFO     ___FILE_ONLY___ ═
2025-07-10 13:34:00,480 INFO     ___FILE_ONLY___ ═
2025-07-10 13:34:00,480 INFO     ___FILE_ONLY___ ═
2025-07-10 13:34:00,480 INFO     ___FILE_ONLY___ ═
2025-07-10 13:34:00,480 INFO     ___FILE_ONLY___ ═
2025-07-10 13:34:00,480 INFO     ___FILE_ONLY___ ═
2025-07-10 13:34:00,480 INFO     ___FILE_ONLY___ ═
2025-07-10 13:34:00,480 INFO     ___FILE_ONLY___ ═
2025-07-10 13:34:00,480 INFO     ___FILE_ONLY___ ═
2025-07-10 13:34:00,480 INFO     ___FILE_ONLY___ ═
2025-07-10 13:34:00,480 INFO     ___FILE_ONLY___ ═
2025-07-10 13:34:00,481 INFO     ___FILE_ONLY___ ═
2025-07-10 13:34:00,481 INFO     ___FILE_ONLY___ ═
2025-07-10 13:34:00,481 INFO     ___FILE_ONLY___ ═
2025-07-10 13:34:00,481 INFO     ___FILE_ONLY___ ═
2025-07-10 13:34:00,481 INFO     ___FILE_ONLY___ ═
2025-07-10 13:34:00,481 INFO     ___FILE_ONLY___ ═
2025-07-10 13:34:00,481 INFO     ___FILE_ONLY___ ═
2025-07-10 13:34:00,481 INFO     ___FILE_ONLY___ ═
2025-07-10 13:34:00,481 INFO     ___FILE_ONLY___ ═
2025-07-10 13:34:00,481 INFO     ___FILE_ONLY___ ═
2025-07-10 13:34:00,482 INFO     ___FILE_ONLY___ ═
2025-07-10 13:34:00,482 INFO     ___FILE_ONLY___ ═
2025-07-10 13:34:00,482 INFO     ___FILE_ONLY___ ═
2025-07-10 13:34:00,482 INFO     ___FILE_ONLY___ ═
2025-07-10 13:34:00,482 INFO     ___FILE_ONLY___ ═
2025-07-10 13:34:00,482 INFO     ___FILE_ONLY___ ═
2025-07-10 13:34:00,482 INFO     ___FILE_ONLY___ ═
2025-07-10 13:34:00,482 INFO     ___FILE_ONLY___ ═
2025-07-10 13:34:00,482 INFO     ___FILE_ONLY___ ╝

2025-07-10 13:34:00,484 INFO     ___FILE_ONLY___ ╔════════════════════════════════════════════════════════════╗

2025-07-10 13:34:00,485 INFO     ___FILE_ONLY___ ╠═ Downloading: BigQuery Command Line Tool (Platform Spe... ═╣

2025-07-10 13:34:00,485 INFO     ___FILE_ONLY___ ╚
2025-07-10 13:34:00,489 DEBUG    urllib3.connectionpool Starting new HTTPS connection (1): dl.google.com:443
2025-07-10 13:34:01,535 DEBUG    urllib3.connectionpool https://dl.google.com:443 "GET /dl/cloudsdk/channels/rapid/components/google-cloud-sdk-bq-nix-20250523104322.tar.gz HTTP/11" 200 1935
2025-07-10 13:34:01,536 INFO     ___FILE_ONLY___ ════════════════════════════════════════════════════════════
2025-07-10 13:34:01,536 INFO     ___FILE_ONLY___ ╝

2025-07-10 13:34:01,538 INFO     ___FILE_ONLY___ ╔════════════════════════════════════════════════════════════╗

2025-07-10 13:34:01,539 INFO     ___FILE_ONLY___ ╠═ Downloading: Bundled Python 3.12                         ═╣

2025-07-10 13:34:01,539 INFO     ___FILE_ONLY___ ╚
2025-07-10 13:34:01,539 INFO     ___FILE_ONLY___ ════════════════════════════════════════════════════════════
2025-07-10 13:34:01,539 INFO     ___FILE_ONLY___ ╝

2025-07-10 13:34:01,540 INFO     ___FILE_ONLY___ ╔════════════════════════════════════════════════════════════╗

2025-07-10 13:34:01,541 INFO     ___FILE_ONLY___ ╠═ Downloading: Bundled Python 3.12 (Platform Specific)     ═╣

2025-07-10 13:34:01,541 INFO     ___FILE_ONLY___ ╚
2025-07-10 13:34:01,544 DEBUG    urllib3.connectionpool Starting new HTTPS connection (1): dl.google.com:443
2025-07-10 13:34:02,655 DEBUG    urllib3.connectionpool https://dl.google.com:443 "GET /dl/cloudsdk/channels/rapid/components/google-cloud-sdk-bundled-python3-unix-linux-x86_64-20250502143716.tar.gz HTTP/11" 200 93610468
2025-07-10 13:34:03,004 INFO     ___FILE_ONLY___ ═
2025-07-10 13:34:03,006 INFO     ___FILE_ONLY___ ═
2025-07-10 13:34:03,008 INFO     ___FILE_ONLY___ ═
2025-07-10 13:34:03,010 INFO     ___FILE_ONLY___ ═
2025-07-10 13:34:03,012 INFO     ___FILE_ONLY___ ═
2025-07-10 13:34:03,014 INFO     ___FILE_ONLY___ ═
2025-07-10 13:34:03,016 INFO     ___FILE_ONLY___ ═
2025-07-10 13:34:03,018 INFO     ___FILE_ONLY___ ═
2025-07-10 13:34:03,020 INFO     ___FILE_ONLY___ ═
2025-07-10 13:34:03,022 INFO     ___FILE_ONLY___ ═
2025-07-10 13:34:03,024 INFO     ___FILE_ONLY___ ═
2025-07-10 13:34:03,025 INFO     ___FILE_ONLY___ ═
2025-07-10 13:34:03,027 INFO     ___FILE_ONLY___ ═
2025-07-10 13:34:03,029 INFO     ___FILE_ONLY___ ═
2025-07-10 13:34:03,031 INFO     ___FILE_ONLY___ ═
2025-07-10 13:34:03,033 INFO     ___FILE_ONLY___ ═
2025-07-10 13:34:03,035 INFO     ___FILE_ONLY___ ═
2025-07-10 13:34:03,037 INFO     ___FILE_ONLY___ ═
2025-07-10 13:34:03,039 INFO     ___FILE_ONLY___ ═
2025-07-10 13:34:03,041 INFO     ___FILE_ONLY___ ═
2025-07-10 13:34:03,043 INFO     ___FILE_ONLY___ ═
2025-07-10 13:34:03,045 INFO     ___FILE_ONLY___ ═
2025-07-10 13:34:03,047 INFO     ___FILE_ONLY___ ═
2025-07-10 13:34:03,049 INFO     ___FILE_ONLY___ ═
2025-07-10 13:34:03,051 INFO     ___FILE_ONLY___ ═
2025-07-10 13:34:03,053 INFO     ___FILE_ONLY___ ═
2025-07-10 13:34:03,054 INFO     ___FILE_ONLY___ ═
2025-07-10 13:34:03,056 INFO     ___FILE_ONLY___ ═
2025-07-10 13:34:03,058 INFO     ___FILE_ONLY___ ═
2025-07-10 13:34:03,060 INFO     ___FILE_ONLY___ ═
2025-07-10 13:34:03,062 INFO     ___FILE_ONLY___ ═
2025-07-10 13:34:03,064 INFO     ___FILE_ONLY___ ═
2025-07-10 13:34:03,066 INFO     ___FILE_ONLY___ ═
2025-07-10 13:34:03,068 INFO     ___FILE_ONLY___ ═
2025-07-10 13:34:03,070 INFO     ___FILE_ONLY___ ═
2025-07-10 13:34:03,072 INFO     ___FILE_ONLY___ ═
2025-07-10 13:34:03,074 INFO     ___FILE_ONLY___ ═
2025-07-10 13:34:03,076 INFO     ___FILE_ONLY___ ═
2025-07-10 13:34:03,077 INFO     ___FILE_ONLY___ ═
2025-07-10 13:34:03,079 INFO     ___FILE_ONLY___ ═
2025-07-10 13:34:03,081 INFO     ___FILE_ONLY___ ═
2025-07-10 13:34:03,083 INFO     ___FILE_ONLY___ ═
2025-07-10 13:34:03,085 INFO     ___FILE_ONLY___ ═
2025-07-10 13:34:03,087 INFO     ___FILE_ONLY___ ═
2025-07-10 13:34:03,089 INFO     ___FILE_ONLY___ ═
2025-07-10 13:34:03,091 INFO     ___FILE_ONLY___ ═
2025-07-10 13:34:03,093 INFO     ___FILE_ONLY___ ═
2025-07-10 13:34:03,095 INFO     ___FILE_ONLY___ ═
2025-07-10 13:34:03,097 INFO     ___FILE_ONLY___ ═
2025-07-10 13:34:03,099 INFO     ___FILE_ONLY___ ═
2025-07-10 13:34:03,101 INFO     ___FILE_ONLY___ ═
2025-07-10 13:34:03,103 INFO     ___FILE_ONLY___ ═
2025-07-10 13:34:03,105 INFO     ___FILE_ONLY___ ═
2025-07-10 13:34:03,107 INFO     ___FILE_ONLY___ ═
2025-07-10 13:34:03,109 INFO     ___FILE_ONLY___ ═
2025-07-10 13:34:03,111 INFO     ___FILE_ONLY___ ═
2025-07-10 13:34:03,113 INFO     ___FILE_ONLY___ ═
2025-07-10 13:34:03,115 INFO     ___FILE_ONLY___ ═
2025-07-10 13:34:03,117 INFO     ___FILE_ONLY___ ═
2025-07-10 13:34:03,118 INFO     ___FILE_ONLY___ ═
2025-07-10 13:34:03,119 INFO     ___FILE_ONLY___ ╝

2025-07-10 13:34:03,121 INFO     ___FILE_ONLY___ ╔════════════════════════════════════════════════════════════╗

2025-07-10 13:34:03,121 INFO     ___FILE_ONLY___ ╠═ Downloading: Cloud Storage Command Line Tool             ═╣

2025-07-10 13:34:03,121 INFO     ___FILE_ONLY___ ╚
2025-07-10 13:34:03,124 DEBUG    urllib3.connectionpool Starting new HTTPS connection (1): dl.google.com:443
2025-07-10 13:34:04,188 DEBUG    urllib3.connectionpool https://dl.google.com:443 "GET /dl/cloudsdk/channels/rapid/components/google-cloud-sdk-gsutil-20250627154417.tar.gz HTTP/11" 200 12962791
2025-07-10 13:34:04,237 INFO     ___FILE_ONLY___ ═
2025-07-10 13:34:04,237 INFO     ___FILE_ONLY___ ═
2025-07-10 13:34:04,238 INFO     ___FILE_ONLY___ ═
2025-07-10 13:34:04,238 INFO     ___FILE_ONLY___ ═
2025-07-10 13:34:04,238 INFO     ___FILE_ONLY___ ═
2025-07-10 13:34:04,239 INFO     ___FILE_ONLY___ ═
2025-07-10 13:34:04,239 INFO     ___FILE_ONLY___ ═
2025-07-10 13:34:04,239 INFO     ___FILE_ONLY___ ═
2025-07-10 13:34:04,239 INFO     ___FILE_ONLY___ ═
2025-07-10 13:34:04,240 INFO     ___FILE_ONLY___ ═
2025-07-10 13:34:04,240 INFO     ___FILE_ONLY___ ═
2025-07-10 13:34:04,240 INFO     ___FILE_ONLY___ ═
2025-07-10 13:34:04,241 INFO     ___FILE_ONLY___ ═
2025-07-10 13:34:04,241 INFO     ___FILE_ONLY___ ═
2025-07-10 13:34:04,241 INFO     ___FILE_ONLY___ ═
2025-07-10 13:34:04,242 INFO     ___FILE_ONLY___ ═
2025-07-10 13:34:04,242 INFO     ___FILE_ONLY___ ═
2025-07-10 13:34:04,242 INFO     ___FILE_ONLY___ ═
2025-07-10 13:34:04,242 INFO     ___FILE_ONLY___ ═
2025-07-10 13:34:04,243 INFO     ___FILE_ONLY___ ═
2025-07-10 13:34:04,243 INFO     ___FILE_ONLY___ ═
2025-07-10 13:34:04,243 INFO     ___FILE_ONLY___ ═
2025-07-10 13:34:04,244 INFO     ___FILE_ONLY___ ═
2025-07-10 13:34:04,244 INFO     ___FILE_ONLY___ ═
2025-07-10 13:34:04,244 INFO     ___FILE_ONLY___ ═
2025-07-10 13:34:04,245 INFO     ___FILE_ONLY___ ═
2025-07-10 13:34:04,245 INFO     ___FILE_ONLY___ ═
2025-07-10 13:34:04,245 INFO     ___FILE_ONLY___ ═
2025-07-10 13:34:04,246 INFO     ___FILE_ONLY___ ═
2025-07-10 13:34:04,246 INFO     ___FILE_ONLY___ ═
2025-07-10 13:34:04,246 INFO     ___FILE_ONLY___ ═
2025-07-10 13:34:04,247 INFO     ___FILE_ONLY___ ═
2025-07-10 13:34:04,247 INFO     ___FILE_ONLY___ ═
2025-07-10 13:34:04,247 INFO     ___FILE_ONLY___ ═
2025-07-10 13:34:04,248 INFO     ___FILE_ONLY___ ═
2025-07-10 13:34:04,248 INFO     ___FILE_ONLY___ ═
2025-07-10 13:34:04,248 INFO     ___FILE_ONLY___ ═
2025-07-10 13:34:04,249 INFO     ___FILE_ONLY___ ═
2025-07-10 13:34:04,249 INFO     ___FILE_ONLY___ ═
2025-07-10 13:34:04,249 INFO     ___FILE_ONLY___ ═
2025-07-10 13:34:04,250 INFO     ___FILE_ONLY___ ═
2025-07-10 13:34:04,250 INFO     ___FILE_ONLY___ ═
2025-07-10 13:34:04,250 INFO     ___FILE_ONLY___ ═
2025-07-10 13:34:04,250 INFO     ___FILE_ONLY___ ═
2025-07-10 13:34:04,251 INFO     ___FILE_ONLY___ ═
2025-07-10 13:34:04,251 INFO     ___FILE_ONLY___ ═
2025-07-10 13:34:04,252 INFO     ___FILE_ONLY___ ═
2025-07-10 13:34:04,252 INFO     ___FILE_ONLY___ ═
2025-07-10 13:34:04,252 INFO     ___FILE_ONLY___ ═
2025-07-10 13:34:04,253 INFO     ___FILE_ONLY___ ═
2025-07-10 13:34:04,253 INFO     ___FILE_ONLY___ ═
2025-07-10 13:34:04,253 INFO     ___FILE_ONLY___ ═
2025-07-10 13:34:04,254 INFO     ___FILE_ONLY___ ═
2025-07-10 13:34:04,254 INFO     ___FILE_ONLY___ ═
2025-07-10 13:34:04,254 INFO     ___FILE_ONLY___ ═
2025-07-10 13:34:04,255 INFO     ___FILE_ONLY___ ═
2025-07-10 13:34:04,255 INFO     ___FILE_ONLY___ ═
2025-07-10 13:34:04,255 INFO     ___FILE_ONLY___ ═
2025-07-10 13:34:04,255 INFO     ___FILE_ONLY___ ═
2025-07-10 13:34:04,256 INFO     ___FILE_ONLY___ ═
2025-07-10 13:34:04,256 INFO     ___FILE_ONLY___ ╝

2025-07-10 13:34:04,258 INFO     ___FILE_ONLY___ ╔════════════════════════════════════════════════════════════╗

2025-07-10 13:34:04,258 INFO     ___FILE_ONLY___ ╠═ Downloading: Cloud Storage Command Line Tool (Platfor... ═╣

2025-07-10 13:34:04,258 INFO     ___FILE_ONLY___ ╚
2025-07-10 13:34:04,261 DEBUG    urllib3.connectionpool Starting new HTTPS connection (1): dl.google.com:443
2025-07-10 13:34:05,378 DEBUG    urllib3.connectionpool https://dl.google.com:443 "GET /dl/cloudsdk/channels/rapid/components/google-cloud-sdk-gsutil-nix-20250523104322.tar.gz HTTP/11" 200 1950
2025-07-10 13:34:05,378 INFO     ___FILE_ONLY___ ════════════════════════════════════════════════════════════
2025-07-10 13:34:05,378 INFO     ___FILE_ONLY___ ╝

2025-07-10 13:34:05,380 INFO     ___FILE_ONLY___ ╔════════════════════════════════════════════════════════════╗

2025-07-10 13:34:05,380 INFO     ___FILE_ONLY___ ╠═ Downloading: Default set of gcloud commands              ═╣

2025-07-10 13:34:05,380 INFO     ___FILE_ONLY___ ╚
2025-07-10 13:34:05,381 INFO     ___FILE_ONLY___ ════════════════════════════════════════════════════════════
2025-07-10 13:34:05,381 INFO     ___FILE_ONLY___ ╝

2025-07-10 13:34:05,382 INFO     ___FILE_ONLY___ ╔════════════════════════════════════════════════════════════╗

2025-07-10 13:34:05,382 INFO     ___FILE_ONLY___ ╠═ Downloading: Google Cloud CLI Core Libraries (Platfor... ═╣

2025-07-10 13:34:05,382 INFO     ___FILE_ONLY___ ╚
2025-07-10 13:34:05,386 DEBUG    urllib3.connectionpool Starting new HTTPS connection (1): dl.google.com:443
2025-07-10 13:34:05,571 DEBUG    urllib3.connectionpool https://dl.google.com:443 "GET /dl/cloudsdk/channels/rapid/components/google-cloud-sdk-core-nix-20250523104322.tar.gz HTTP/11" 200 2325
2025-07-10 13:34:05,571 INFO     ___FILE_ONLY___ ════════════════════════════════════════════════════════════
2025-07-10 13:34:05,571 INFO     ___FILE_ONLY___ ╝

2025-07-10 13:34:05,573 INFO     ___FILE_ONLY___ ╔════════════════════════════════════════════════════════════╗

2025-07-10 13:34:05,574 INFO     ___FILE_ONLY___ ╠═ Downloading: Google Cloud CRC32C Hash Tool               ═╣

2025-07-10 13:34:05,574 INFO     ___FILE_ONLY___ ╚
2025-07-10 13:34:05,574 INFO     ___FILE_ONLY___ ════════════════════════════════════════════════════════════
2025-07-10 13:34:05,574 INFO     ___FILE_ONLY___ ╝

2025-07-10 13:34:05,575 INFO     ___FILE_ONLY___ ╔════════════════════════════════════════════════════════════╗

2025-07-10 13:34:05,576 INFO     ___FILE_ONLY___ ╠═ Downloading: Google Cloud CRC32C Hash Tool (Platform ... ═╣

2025-07-10 13:34:05,576 INFO     ___FILE_ONLY___ ╚
2025-07-10 13:34:05,579 DEBUG    urllib3.connectionpool Starting new HTTPS connection (1): dl.google.com:443
2025-07-10 13:34:05,772 DEBUG    urllib3.connectionpool https://dl.google.com:443 "GET /dl/cloudsdk/channels/rapid/components/google-cloud-sdk-gcloud-crc32c-linux-x86_64-20250613150750.tar.gz HTTP/11" 200 1525557
2025-07-10 13:34:05,783 INFO     ___FILE_ONLY___ ═
2025-07-10 13:34:05,784 INFO     ___FILE_ONLY___ ═
2025-07-10 13:34:05,784 INFO     ___FILE_ONLY___ ═
2025-07-10 13:34:05,784 INFO     ___FILE_ONLY___ ═
2025-07-10 13:34:05,784 INFO     ___FILE_ONLY___ ═
2025-07-10 13:34:05,784 INFO     ___FILE_ONLY___ ═
2025-07-10 13:34:05,784 INFO     ___FILE_ONLY___ ═
2025-07-10 13:34:05,784 INFO     ___FILE_ONLY___ ═
2025-07-10 13:34:05,784 INFO     ___FILE_ONLY___ ═
2025-07-10 13:34:05,784 INFO     ___FILE_ONLY___ ═
2025-07-10 13:34:05,784 INFO     ___FILE_ONLY___ ═
2025-07-10 13:34:05,784 INFO     ___FILE_ONLY___ ═
2025-07-10 13:34:05,784 INFO     ___FILE_ONLY___ ═
2025-07-10 13:34:05,785 INFO     ___FILE_ONLY___ ═
2025-07-10 13:34:05,785 INFO     ___FILE_ONLY___ ═
2025-07-10 13:34:05,785 INFO     ___FILE_ONLY___ ═
2025-07-10 13:34:05,785 INFO     ___FILE_ONLY___ ═
2025-07-10 13:34:05,785 INFO     ___FILE_ONLY___ ═
2025-07-10 13:34:05,785 INFO     ___FILE_ONLY___ ═
2025-07-10 13:34:05,785 INFO     ___FILE_ONLY___ ═
2025-07-10 13:34:05,785 INFO     ___FILE_ONLY___ ═
2025-07-10 13:34:05,785 INFO     ___FILE_ONLY___ ═
2025-07-10 13:34:05,785 INFO     ___FILE_ONLY___ ═
2025-07-10 13:34:05,785 INFO     ___FILE_ONLY___ ═
2025-07-10 13:34:05,786 INFO     ___FILE_ONLY___ ═
2025-07-10 13:34:05,786 INFO     ___FILE_ONLY___ ═
2025-07-10 13:34:05,786 INFO     ___FILE_ONLY___ ═
2025-07-10 13:34:05,786 INFO     ___FILE_ONLY___ ═
2025-07-10 13:34:05,786 INFO     ___FILE_ONLY___ ═
2025-07-10 13:34:05,786 INFO     ___FILE_ONLY___ ═
2025-07-10 13:34:05,786 INFO     ___FILE_ONLY___ ═
2025-07-10 13:34:05,786 INFO     ___FILE_ONLY___ ═
2025-07-10 13:34:05,786 INFO     ___FILE_ONLY___ ═
2025-07-10 13:34:05,786 INFO     ___FILE_ONLY___ ═
2025-07-10 13:34:05,786 INFO     ___FILE_ONLY___ ═
2025-07-10 13:34:05,786 INFO     ___FILE_ONLY___ ═
2025-07-10 13:34:05,786 INFO     ___FILE_ONLY___ ═
2025-07-10 13:34:05,787 INFO     ___FILE_ONLY___ ═
2025-07-10 13:34:05,787 INFO     ___FILE_ONLY___ ═
2025-07-10 13:34:05,787 INFO     ___FILE_ONLY___ ═
2025-07-10 13:34:05,787 INFO     ___FILE_ONLY___ ═
2025-07-10 13:34:05,787 INFO     ___FILE_ONLY___ ═
2025-07-10 13:34:05,787 INFO     ___FILE_ONLY___ ═
2025-07-10 13:34:05,787 INFO     ___FILE_ONLY___ ═
2025-07-10 13:34:05,787 INFO     ___FILE_ONLY___ ═
2025-07-10 13:34:05,787 INFO     ___FILE_ONLY___ ═
2025-07-10 13:34:05,787 INFO     ___FILE_ONLY___ ═
2025-07-10 13:34:05,787 INFO     ___FILE_ONLY___ ═
2025-07-10 13:34:05,788 INFO     ___FILE_ONLY___ ═
2025-07-10 13:34:05,788 INFO     ___FILE_ONLY___ ═
2025-07-10 13:34:05,788 INFO     ___FILE_ONLY___ ═
2025-07-10 13:34:05,788 INFO     ___FILE_ONLY___ ═
2025-07-10 13:34:05,788 INFO     ___FILE_ONLY___ ═
2025-07-10 13:34:05,788 INFO     ___FILE_ONLY___ ═
2025-07-10 13:34:05,788 INFO     ___FILE_ONLY___ ═
2025-07-10 13:34:05,788 INFO     ___FILE_ONLY___ ═
2025-07-10 13:34:05,788 INFO     ___FILE_ONLY___ ═
2025-07-10 13:34:05,789 INFO     ___FILE_ONLY___ ═
2025-07-10 13:34:05,789 INFO     ___FILE_ONLY___ ═
2025-07-10 13:34:05,789 INFO     ___FILE_ONLY___ ═
2025-07-10 13:34:05,789 INFO     ___FILE_ONLY___ ╝

2025-07-10 13:34:05,791 INFO     ___FILE_ONLY___ ╔════════════════════════════════════════════════════════════╗

2025-07-10 13:34:05,791 INFO     ___FILE_ONLY___ ╠═ Downloading: gcloud cli dependencies (Platform Specific) ═╣

2025-07-10 13:34:05,791 INFO     ___FILE_ONLY___ ╚
2025-07-10 13:34:05,794 DEBUG    urllib3.connectionpool Starting new HTTPS connection (1): dl.google.com:443
2025-07-10 13:34:06,857 DEBUG    urllib3.connectionpool https://dl.google.com:443 "GET /dl/cloudsdk/channels/rapid/components/google-cloud-sdk-gcloud-deps-linux-x86_64-20210416153011.tar.gz HTTP/11" 200 104
2025-07-10 13:34:06,857 INFO     ___FILE_ONLY___ ════════════════════════════════════════════════════════════
2025-07-10 13:34:06,857 INFO     ___FILE_ONLY___ ╝

2025-07-10 13:34:06,860 INFO     ___FILE_ONLY___ ╔════════════════════════════════════════════════════════════╗

2025-07-10 13:34:06,860 INFO     ___FILE_ONLY___ ╠═ Installing: BigQuery Command Line Tool                   ═╣

2025-07-10 13:34:06,860 INFO     ___FILE_ONLY___ ╚
2025-07-10 13:34:06,972 INFO     ___FILE_ONLY___ ═
2025-07-10 13:34:06,975 INFO     ___FILE_ONLY___ ═
2025-07-10 13:34:06,977 INFO     ___FILE_ONLY___ ═
2025-07-10 13:34:06,979 INFO     ___FILE_ONLY___ ═
2025-07-10 13:34:06,982 INFO     ___FILE_ONLY___ ═
2025-07-10 13:34:06,984 INFO     ___FILE_ONLY___ ═
2025-07-10 13:34:06,987 INFO     ___FILE_ONLY___ ═
2025-07-10 13:34:06,989 INFO     ___FILE_ONLY___ ═
2025-07-10 13:34:06,991 INFO     ___FILE_ONLY___ ═
2025-07-10 13:34:06,993 INFO     ___FILE_ONLY___ ═
2025-07-10 13:34:06,996 INFO     ___FILE_ONLY___ ═
2025-07-10 13:34:06,998 INFO     ___FILE_ONLY___ ═
2025-07-10 13:34:07,000 INFO     ___FILE_ONLY___ ═
2025-07-10 13:34:07,003 INFO     ___FILE_ONLY___ ═
2025-07-10 13:34:07,005 INFO     ___FILE_ONLY___ ═
2025-07-10 13:34:07,007 INFO     ___FILE_ONLY___ ═
2025-07-10 13:34:07,010 INFO     ___FILE_ONLY___ ═
2025-07-10 13:34:07,012 INFO     ___FILE_ONLY___ ═
2025-07-10 13:34:07,014 INFO     ___FILE_ONLY___ ═
2025-07-10 13:34:07,017 INFO     ___FILE_ONLY___ ═
2025-07-10 13:34:07,020 INFO     ___FILE_ONLY___ ═
2025-07-10 13:34:07,022 INFO     ___FILE_ONLY___ ═
2025-07-10 13:34:07,024 INFO     ___FILE_ONLY___ ═
2025-07-10 13:34:07,027 INFO     ___FILE_ONLY___ ═
2025-07-10 13:34:07,028 INFO     ___FILE_ONLY___ ═
2025-07-10 13:34:07,030 INFO     ___FILE_ONLY___ ═
2025-07-10 13:34:07,033 INFO     ___FILE_ONLY___ ═
2025-07-10 13:34:07,035 INFO     ___FILE_ONLY___ ═
2025-07-10 13:34:07,037 INFO     ___FILE_ONLY___ ═
2025-07-10 13:34:07,041 INFO     ___FILE_ONLY___ ═
2025-07-10 13:34:07,043 INFO     ___FILE_ONLY___ ═
2025-07-10 13:34:07,046 INFO     ___FILE_ONLY___ ═
2025-07-10 13:34:07,047 INFO     ___FILE_ONLY___ ═
2025-07-10 13:34:07,051 INFO     ___FILE_ONLY___ ═
2025-07-10 13:34:07,054 INFO     ___FILE_ONLY___ ═
2025-07-10 13:34:07,061 INFO     ___FILE_ONLY___ ═
2025-07-10 13:34:07,066 INFO     ___FILE_ONLY___ ═
2025-07-10 13:34:07,071 INFO     ___FILE_ONLY___ ═
2025-07-10 13:34:07,073 INFO     ___FILE_ONLY___ ═
2025-07-10 13:34:07,075 INFO     ___FILE_ONLY___ ═
2025-07-10 13:34:07,078 INFO     ___FILE_ONLY___ ═
2025-07-10 13:34:07,080 INFO     ___FILE_ONLY___ ═
2025-07-10 13:34:07,083 INFO     ___FILE_ONLY___ ═
2025-07-10 13:34:07,087 INFO     ___FILE_ONLY___ ═
2025-07-10 13:34:07,089 INFO     ___FILE_ONLY___ ═
2025-07-10 13:34:07,091 INFO     ___FILE_ONLY___ ═
2025-07-10 13:34:07,093 INFO     ___FILE_ONLY___ ═
2025-07-10 13:34:07,095 INFO     ___FILE_ONLY___ ═
2025-07-10 13:34:07,097 INFO     ___FILE_ONLY___ ═
2025-07-10 13:34:07,100 INFO     ___FILE_ONLY___ ═
2025-07-10 13:34:07,102 INFO     ___FILE_ONLY___ ═
2025-07-10 13:34:07,104 INFO     ___FILE_ONLY___ ═
2025-07-10 13:34:07,106 INFO     ___FILE_ONLY___ ═
2025-07-10 13:34:07,109 INFO     ___FILE_ONLY___ ═
2025-07-10 13:34:07,111 INFO     ___FILE_ONLY___ ═
2025-07-10 13:34:07,113 INFO     ___FILE_ONLY___ ═
2025-07-10 13:34:07,115 INFO     ___FILE_ONLY___ ═
2025-07-10 13:34:07,117 INFO     ___FILE_ONLY___ ═
2025-07-10 13:34:07,119 INFO     ___FILE_ONLY___ ═
2025-07-10 13:34:07,121 INFO     ___FILE_ONLY___ ═
2025-07-10 13:34:07,121 INFO     ___FILE_ONLY___ ╝

2025-07-10 13:34:07,129 INFO     ___FILE_ONLY___ ╔════════════════════════════════════════════════════════════╗

2025-07-10 13:34:07,129 INFO     ___FILE_ONLY___ ╠═ Installing: BigQuery Command Line Tool (Platform Spec... ═╣

2025-07-10 13:34:07,129 INFO     ___FILE_ONLY___ ╚
2025-07-10 13:34:07,130 INFO     ___FILE_ONLY___ ════════════════════════════════════════════════════════════
2025-07-10 13:34:07,130 INFO     ___FILE_ONLY___ ╝

2025-07-10 13:34:07,136 INFO     ___FILE_ONLY___ ╔════════════════════════════════════════════════════════════╗

2025-07-10 13:34:07,136 INFO     ___FILE_ONLY___ ╠═ Installing: Bundled Python 3.12                          ═╣

2025-07-10 13:34:07,136 INFO     ___FILE_ONLY___ ╚
2025-07-10 13:34:07,138 INFO     ___FILE_ONLY___ ════════════════════════════════════════════════════════════
2025-07-10 13:34:07,138 INFO     ___FILE_ONLY___ ╝

2025-07-10 13:34:07,140 INFO     ___FILE_ONLY___ ╔════════════════════════════════════════════════════════════╗

2025-07-10 13:34:07,140 INFO     ___FILE_ONLY___ ╠═ Installing: Bundled Python 3.12 (Platform Specific)      ═╣

2025-07-10 13:34:07,140 INFO     ___FILE_ONLY___ ╚
2025-07-10 13:34:09,407 INFO     ___FILE_ONLY___ ═
2025-07-10 13:34:09,420 INFO     ___FILE_ONLY___ ═
2025-07-10 13:34:09,432 INFO     ___FILE_ONLY___ ═
2025-07-10 13:34:09,446 INFO     ___FILE_ONLY___ ═
2025-07-10 13:34:09,459 INFO     ___FILE_ONLY___ ═
2025-07-10 13:34:09,472 INFO     ___FILE_ONLY___ ═
2025-07-10 13:34:09,486 INFO     ___FILE_ONLY___ ═
2025-07-10 13:34:09,499 INFO     ___FILE_ONLY___ ═
2025-07-10 13:34:09,511 INFO     ___FILE_ONLY___ ═
2025-07-10 13:34:09,524 INFO     ___FILE_ONLY___ ═
2025-07-10 13:34:09,537 INFO     ___FILE_ONLY___ ═
2025-07-10 13:34:09,550 INFO     ___FILE_ONLY___ ═
2025-07-10 13:34:09,562 INFO     ___FILE_ONLY___ ═
2025-07-10 13:34:09,575 INFO     ___FILE_ONLY___ ═
2025-07-10 13:34:09,589 INFO     ___FILE_ONLY___ ═
2025-07-10 13:34:09,602 INFO     ___FILE_ONLY___ ═
2025-07-10 13:34:09,615 INFO     ___FILE_ONLY___ ═
2025-07-10 13:34:09,628 INFO     ___FILE_ONLY___ ═
2025-07-10 13:34:09,642 INFO     ___FILE_ONLY___ ═
2025-07-10 13:34:09,655 INFO     ___FILE_ONLY___ ═
2025-07-10 13:34:09,669 INFO     ___FILE_ONLY___ ═
2025-07-10 13:34:09,686 INFO     ___FILE_ONLY___ ═
2025-07-10 13:34:09,701 INFO     ___FILE_ONLY___ ═
2025-07-10 13:34:09,717 INFO     ___FILE_ONLY___ ═
2025-07-10 13:34:09,733 INFO     ___FILE_ONLY___ ═
2025-07-10 13:34:09,747 INFO     ___FILE_ONLY___ ═
2025-07-10 13:34:09,762 INFO     ___FILE_ONLY___ ═
2025-07-10 13:34:09,778 INFO     ___FILE_ONLY___ ═
2025-07-10 13:34:09,794 INFO     ___FILE_ONLY___ ═
2025-07-10 13:34:09,809 INFO     ___FILE_ONLY___ ═
2025-07-10 13:34:09,823 INFO     ___FILE_ONLY___ ═
2025-07-10 13:34:09,837 INFO     ___FILE_ONLY___ ═
2025-07-10 13:34:09,851 INFO     ___FILE_ONLY___ ═
2025-07-10 13:34:09,866 INFO     ___FILE_ONLY___ ═
2025-07-10 13:34:09,884 INFO     ___FILE_ONLY___ ═
2025-07-10 13:34:09,901 INFO     ___FILE_ONLY___ ═
2025-07-10 13:34:10,813 INFO     ___FILE_ONLY___ ═
2025-07-10 13:34:10,840 INFO     ___FILE_ONLY___ ═
2025-07-10 13:34:11,365 INFO     ___FILE_ONLY___ ═
2025-07-10 13:34:11,385 INFO     ___FILE_ONLY___ ═
2025-07-10 13:34:11,408 INFO     ___FILE_ONLY___ ═
2025-07-10 13:34:11,436 INFO     ___FILE_ONLY___ ═
2025-07-10 13:34:11,456 INFO     ___FILE_ONLY___ ═
2025-07-10 13:34:11,485 INFO     ___FILE_ONLY___ ═
2025-07-10 13:34:11,508 INFO     ___FILE_ONLY___ ═
2025-07-10 13:34:11,528 INFO     ___FILE_ONLY___ ═
2025-07-10 13:34:11,547 INFO     ___FILE_ONLY___ ═
2025-07-10 13:34:11,566 INFO     ___FILE_ONLY___ ═
2025-07-10 13:34:11,660 INFO     ___FILE_ONLY___ ═
2025-07-10 13:34:11,680 INFO     ___FILE_ONLY___ ═
2025-07-10 13:34:11,825 INFO     ___FILE_ONLY___ ═
2025-07-10 13:34:11,843 INFO     ___FILE_ONLY___ ═
2025-07-10 13:34:11,861 INFO     ___FILE_ONLY___ ═
2025-07-10 13:34:11,879 INFO     ___FILE_ONLY___ ═
2025-07-10 13:34:11,896 INFO     ___FILE_ONLY___ ═
2025-07-10 13:34:11,917 INFO     ___FILE_ONLY___ ═
2025-07-10 13:34:11,938 INFO     ___FILE_ONLY___ ═
2025-07-10 13:34:11,958 INFO     ___FILE_ONLY___ ═
2025-07-10 13:34:11,990 INFO     ___FILE_ONLY___ ═
2025-07-10 13:34:12,496 INFO     ___FILE_ONLY___ ═
2025-07-10 13:34:12,496 INFO     ___FILE_ONLY___ ╝

2025-07-10 13:34:12,564 INFO     ___FILE_ONLY___ ╔════════════════════════════════════════════════════════════╗

2025-07-10 13:34:12,564 INFO     ___FILE_ONLY___ ╠═ Installing: Cloud Storage Command Line Tool              ═╣

2025-07-10 13:34:12,564 INFO     ___FILE_ONLY___ ╚
2025-07-10 13:34:13,143 INFO     ___FILE_ONLY___ ═
2025-07-10 13:34:13,156 INFO     ___FILE_ONLY___ ═
2025-07-10 13:34:13,168 INFO     ___FILE_ONLY___ ═
2025-07-10 13:34:13,178 INFO     ___FILE_ONLY___ ═
2025-07-10 13:34:13,189 INFO     ___FILE_ONLY___ ═
2025-07-10 13:34:13,225 INFO     ___FILE_ONLY___ ═
2025-07-10 13:34:13,239 INFO     ___FILE_ONLY___ ═
2025-07-10 13:34:13,259 INFO     ___FILE_ONLY___ ═
2025-07-10 13:34:13,275 INFO     ___FILE_ONLY___ ═
2025-07-10 13:34:13,291 INFO     ___FILE_ONLY___ ═
2025-07-10 13:34:13,309 INFO     ___FILE_ONLY___ ═
2025-07-10 13:34:13,322 INFO     ___FILE_ONLY___ ═
2025-07-10 13:34:13,334 INFO     ___FILE_ONLY___ ═
2025-07-10 13:34:13,344 INFO     ___FILE_ONLY___ ═
2025-07-10 13:34:13,354 INFO     ___FILE_ONLY___ ═
2025-07-10 13:34:13,372 INFO     ___FILE_ONLY___ ═
2025-07-10 13:34:13,386 INFO     ___FILE_ONLY___ ═
2025-07-10 13:34:13,396 INFO     ___FILE_ONLY___ ═
2025-07-10 13:34:13,408 INFO     ___FILE_ONLY___ ═
2025-07-10 13:34:13,420 INFO     ___FILE_ONLY___ ═
2025-07-10 13:34:13,430 INFO     ___FILE_ONLY___ ═
2025-07-10 13:34:13,443 INFO     ___FILE_ONLY___ ═
2025-07-10 13:34:13,454 INFO     ___FILE_ONLY___ ═
2025-07-10 13:34:13,466 INFO     ___FILE_ONLY___ ═
2025-07-10 13:34:13,476 INFO     ___FILE_ONLY___ ═
2025-07-10 13:34:13,487 INFO     ___FILE_ONLY___ ═
2025-07-10 13:34:13,498 INFO     ___FILE_ONLY___ ═
2025-07-10 13:34:13,512 INFO     ___FILE_ONLY___ ═
2025-07-10 13:34:13,529 INFO     ___FILE_ONLY___ ═
2025-07-10 13:34:13,542 INFO     ___FILE_ONLY___ ═
2025-07-10 13:34:13,554 INFO     ___FILE_ONLY___ ═
2025-07-10 13:34:13,576 INFO     ___FILE_ONLY___ ═
2025-07-10 13:34:13,593 INFO     ___FILE_ONLY___ ═
2025-07-10 13:34:13,615 INFO     ___FILE_ONLY___ ═
2025-07-10 13:34:13,632 INFO     ___FILE_ONLY___ ═
2025-07-10 13:34:13,652 INFO     ___FILE_ONLY___ ═
2025-07-10 13:34:13,664 INFO     ___FILE_ONLY___ ═
2025-07-10 13:34:13,677 INFO     ___FILE_ONLY___ ═
2025-07-10 13:34:13,717 INFO     ___FILE_ONLY___ ═
2025-07-10 13:34:13,734 INFO     ___FILE_ONLY___ ═
2025-07-10 13:34:13,746 INFO     ___FILE_ONLY___ ═
2025-07-10 13:34:13,757 INFO     ___FILE_ONLY___ ═
2025-07-10 13:34:13,768 INFO     ___FILE_ONLY___ ═
2025-07-10 13:34:13,781 INFO     ___FILE_ONLY___ ═
2025-07-10 13:34:13,795 INFO     ___FILE_ONLY___ ═
2025-07-10 13:34:13,807 INFO     ___FILE_ONLY___ ═
2025-07-10 13:34:13,819 INFO     ___FILE_ONLY___ ═
2025-07-10 13:34:13,831 INFO     ___FILE_ONLY___ ═
2025-07-10 13:34:13,843 INFO     ___FILE_ONLY___ ═
2025-07-10 13:34:13,858 INFO     ___FILE_ONLY___ ═
2025-07-10 13:34:13,875 INFO     ___FILE_ONLY___ ═
2025-07-10 13:34:13,889 INFO     ___FILE_ONLY___ ═
2025-07-10 13:34:13,904 INFO     ___FILE_ONLY___ ═
2025-07-10 13:34:13,919 INFO     ___FILE_ONLY___ ═
2025-07-10 13:34:13,932 INFO     ___FILE_ONLY___ ═
2025-07-10 13:34:13,948 INFO     ___FILE_ONLY___ ═
2025-07-10 13:34:13,965 INFO     ___FILE_ONLY___ ═
2025-07-10 13:34:13,987 INFO     ___FILE_ONLY___ ═
2025-07-10 13:34:14,005 INFO     ___FILE_ONLY___ ═
2025-07-10 13:34:14,024 INFO     ___FILE_ONLY___ ═
2025-07-10 13:34:14,024 INFO     ___FILE_ONLY___ ╝

2025-07-10 13:34:14,056 INFO     ___FILE_ONLY___ ╔════════════════════════════════════════════════════════════╗

2025-07-10 13:34:14,056 INFO     ___FILE_ONLY___ ╠═ Installing: Cloud Storage Command Line Tool (Platform... ═╣

2025-07-10 13:34:14,056 INFO     ___FILE_ONLY___ ╚
2025-07-10 13:34:14,057 INFO     ___FILE_ONLY___ ════════════════════════════════════════════════════════════
2025-07-10 13:34:14,057 INFO     ___FILE_ONLY___ ╝

2025-07-10 13:34:14,061 INFO     ___FILE_ONLY___ ╔════════════════════════════════════════════════════════════╗

2025-07-10 13:34:14,061 INFO     ___FILE_ONLY___ ╠═ Installing: Default set of gcloud commands               ═╣

2025-07-10 13:34:14,061 INFO     ___FILE_ONLY___ ╚
2025-07-10 13:34:14,064 INFO     ___FILE_ONLY___ ════════════════════════════════════════════════════════════
2025-07-10 13:34:14,064 INFO     ___FILE_ONLY___ ╝

2025-07-10 13:34:14,066 INFO     ___FILE_ONLY___ ╔════════════════════════════════════════════════════════════╗

2025-07-10 13:34:14,066 INFO     ___FILE_ONLY___ ╠═ Installing: Google Cloud CLI Core Libraries (Platform... ═╣

2025-07-10 13:34:14,066 INFO     ___FILE_ONLY___ ╚
2025-07-10 13:34:14,067 INFO     ___FILE_ONLY___ ══════════════════════════════
2025-07-10 13:34:14,067 INFO     ___FILE_ONLY___ ══════════════════════════════
2025-07-10 13:34:14,067 INFO     ___FILE_ONLY___ ╝

2025-07-10 13:34:14,071 INFO     ___FILE_ONLY___ ╔════════════════════════════════════════════════════════════╗

2025-07-10 13:34:14,071 INFO     ___FILE_ONLY___ ╠═ Installing: Google Cloud CRC32C Hash Tool                ═╣

2025-07-10 13:34:14,071 INFO     ___FILE_ONLY___ ╚
2025-07-10 13:34:14,074 INFO     ___FILE_ONLY___ ════════════════════════════════════════════════════════════
2025-07-10 13:34:14,074 INFO     ___FILE_ONLY___ ╝

2025-07-10 13:34:14,075 INFO     ___FILE_ONLY___ ╔════════════════════════════════════════════════════════════╗

2025-07-10 13:34:14,075 INFO     ___FILE_ONLY___ ╠═ Installing: Google Cloud CRC32C Hash Tool (Platform S... ═╣

2025-07-10 13:34:14,076 INFO     ___FILE_ONLY___ ╚
2025-07-10 13:34:14,115 INFO     ___FILE_ONLY___ ══════════════════════════════
2025-07-10 13:34:14,116 INFO     ___FILE_ONLY___ ══════════════════════════════
2025-07-10 13:34:14,116 INFO     ___FILE_ONLY___ ╝

2025-07-10 13:34:14,121 INFO     ___FILE_ONLY___ ╔════════════════════════════════════════════════════════════╗

2025-07-10 13:34:14,121 INFO     ___FILE_ONLY___ ╠═ Installing: gcloud cli dependencies (Platform Specific)  ═╣

2025-07-10 13:34:14,121 INFO     ___FILE_ONLY___ ╚
2025-07-10 13:34:14,121 INFO     ___FILE_ONLY___ ════════════════════════════════════════════════════════════
2025-07-10 13:34:14,121 INFO     ___FILE_ONLY___ ╝

2025-07-10 13:34:14,126 DEBUG    root            Updating notification cache...
2025-07-10 13:34:14,127 INFO     ___FILE_ONLY___ 

2025-07-10 13:34:14,128 INFO     ___FILE_ONLY___ Performing post processing steps...
2025-07-10 13:34:14,129 DEBUG    root            Executing command: ['/tools/google-cloud-sdk/bin/gcloud', 'components', 'post-process']
2025-07-10 13:34:22,739 DEBUG    ___FILE_ONLY___ 
2025-07-10 13:34:22,739 DEBUG    ___FILE_ONLY___ 
2025-07-10 13:34:22,909 INFO     root            descriptor_list: [{'universeDomain': 'googleapis.com', 'universeShortName': '', 'authenticationDomain': 'auth.cloud.google.com', 'projectPrefix': '', 'cloudWebDomain': 'cloud.google.com', 'documentationDomain': 'cloud.google.com', 'version': '1.0.0', 'state': 'primary', 'artifactRegistryDomain': 'pkg.dev'}]
2025-07-10 13:34:22,909 INFO     ___FILE_ONLY___ 
Update done!


2025-07-10 13:34:22,912 DEBUG    root            Chosen display Format:none
2025-07-10 13:34:22,912 INFO     root            Display format: "none"
