2025-07-10 13:34:23,549 DEBUG    root            Loaded Command Group: ['gcloud', 'components']
2025-07-10 13:34:23,551 DEBUG    root            Loaded Command Group: ['gcloud', 'components', 'update']
2025-07-10 13:34:23,553 DEBUG    root            Running [gcloud.components.update] with arguments: [--quiet: "True", COMPONENT-IDS:8: "['gcloud', 'core', 'bq', 'gsutil', 'compute', 'preview', 'alpha', 'beta']"]
2025-07-10 13:34:23,554 INFO     ___FILE_ONLY___ Beginning update. This process may take several minutes.

2025-07-10 13:34:23,562 DEBUG    urllib3.connectionpool Starting new HTTPS connection (1): dl.google.com:443
2025-07-10 13:34:23,747 DEBUG    urllib3.connectionpool https://dl.google.com:443 "GET /dl/cloudsdk/channels/rapid/components-2.json HTTP/11" 200 239798
2025-07-10 13:34:23,761 WARNING  root            Component [compute] no longer exists.
2025-07-10 13:34:23,762 INFO     ___FILE_ONLY___ 

2025-07-10 13:34:23,762 INFO     ___FILE_ONLY___ 
Your current Google Cloud CLI version is: 529.0.0

2025-07-10 13:34:23,762 INFO     ___FILE_ONLY___ Installing components from version: 529.0.0

2025-07-10 13:34:23,762 INFO     ___FILE_ONLY___ 

2025-07-10 13:34:23,763 DEBUG    root            Chosen display Format:table[box,title="These components will be removed."](details.display_name:label=Name:align=left,version.version_string:label=Version:align=right,data.size.size(zero="",min=1048576):label=Size:align=right)
2025-07-10 13:34:23,763 DEBUG    root            Chosen display Format:table[box,title="These components will be updated."](details.display_name:label=Name:align=left,version.version_string:label=Version:align=right,data.size.size(zero="",min=1048576):label=Size:align=right)
2025-07-10 13:34:23,763 DEBUG    root            Chosen display Format:table[box,title="These components will be installed."](details.display_name:label=Name:align=left,version.version_string:label=Version:align=right,data.size.size(zero="",min=1048576):label=Size:align=right)
2025-07-10 13:34:23,778 INFO     ___FILE_ONLY___ ┌────────────────────────────────────────────────┐
2025-07-10 13:34:23,778 INFO     ___FILE_ONLY___ 

2025-07-10 13:34:23,778 INFO     ___FILE_ONLY___ │      These components will be installed.       │
2025-07-10 13:34:23,778 INFO     ___FILE_ONLY___ 

2025-07-10 13:34:23,778 INFO     ___FILE_ONLY___ ├─────────────────────────┬────────────┬─────────┤
2025-07-10 13:34:23,778 INFO     ___FILE_ONLY___ 

2025-07-10 13:34:23,778 INFO     ___FILE_ONLY___ │           Name          │  Version   │   Size  │
2025-07-10 13:34:23,778 INFO     ___FILE_ONLY___ 

2025-07-10 13:34:23,778 INFO     ___FILE_ONLY___ ├─────────────────────────┼────────────┼─────────┤
2025-07-10 13:34:23,778 INFO     ___FILE_ONLY___ 

2025-07-10 13:34:23,778 INFO     ___FILE_ONLY___ │ 
2025-07-10 13:34:23,778 INFO     ___FILE_ONLY___ gcloud Alpha Commands  
2025-07-10 13:34:23,778 INFO     ___FILE_ONLY___  
2025-07-10 13:34:23,778 INFO     ___FILE_ONLY___ │ 
2025-07-10 13:34:23,778 INFO     ___FILE_ONLY___ 2025.06.27
2025-07-10 13:34:23,778 INFO     ___FILE_ONLY___  
2025-07-10 13:34:23,779 INFO     ___FILE_ONLY___ │ 
2025-07-10 13:34:23,779 INFO     ___FILE_ONLY___ < 1 MiB
2025-07-10 13:34:23,779 INFO     ___FILE_ONLY___  
2025-07-10 13:34:23,779 INFO     ___FILE_ONLY___ │
2025-07-10 13:34:23,779 INFO     ___FILE_ONLY___ 

2025-07-10 13:34:23,779 INFO     ___FILE_ONLY___ │ 
2025-07-10 13:34:23,779 INFO     ___FILE_ONLY___ gcloud Beta Commands   
2025-07-10 13:34:23,779 INFO     ___FILE_ONLY___  
2025-07-10 13:34:23,779 INFO     ___FILE_ONLY___ │ 
2025-07-10 13:34:23,779 INFO     ___FILE_ONLY___ 2025.06.27
2025-07-10 13:34:23,779 INFO     ___FILE_ONLY___  
2025-07-10 13:34:23,779 INFO     ___FILE_ONLY___ │ 
2025-07-10 13:34:23,779 INFO     ___FILE_ONLY___ < 1 MiB
2025-07-10 13:34:23,779 INFO     ___FILE_ONLY___  
2025-07-10 13:34:23,779 INFO     ___FILE_ONLY___ │
2025-07-10 13:34:23,779 INFO     ___FILE_ONLY___ 

2025-07-10 13:34:23,779 INFO     ___FILE_ONLY___ │ 
2025-07-10 13:34:23,779 INFO     ___FILE_ONLY___ gcloud Preview Commands
2025-07-10 13:34:23,780 INFO     ___FILE_ONLY___  
2025-07-10 13:34:23,780 INFO     ___FILE_ONLY___ │ 
2025-07-10 13:34:23,780 INFO     ___FILE_ONLY___           
2025-07-10 13:34:23,780 INFO     ___FILE_ONLY___  
2025-07-10 13:34:23,780 INFO     ___FILE_ONLY___ │ 
2025-07-10 13:34:23,780 INFO     ___FILE_ONLY___ < 1 MiB
2025-07-10 13:34:23,780 INFO     ___FILE_ONLY___  
2025-07-10 13:34:23,780 INFO     ___FILE_ONLY___ │
2025-07-10 13:34:23,780 INFO     ___FILE_ONLY___ 

2025-07-10 13:34:23,780 INFO     ___FILE_ONLY___ └─────────────────────────┴────────────┴─────────┘
2025-07-10 13:34:23,780 INFO     ___FILE_ONLY___ 

2025-07-10 13:34:23,780 INFO     ___FILE_ONLY___ 

2025-07-10 13:34:23,783 DEBUG    urllib3.connectionpool Starting new HTTPS connection (1): dl.google.com:443
2025-07-10 13:34:24,873 DEBUG    urllib3.connectionpool https://dl.google.com:443 "GET /dl/cloudsdk/channels/rapid/RELEASE_NOTES HTTP/11" 200 1444035
2025-07-10 13:34:25,334 INFO     ___FILE_ONLY___ For the latest full release notes, please visit:
  https://cloud.google.com/sdk/release_notes


2025-07-10 13:34:25,335 INFO     ___FILE_ONLY___ Performing in place update...


2025-07-10 13:34:25,337 INFO     ___FILE_ONLY___ ╔════════════════════════════════════════════════════════════╗

2025-07-10 13:34:25,337 INFO     ___FILE_ONLY___ ╠═ Downloading: gcloud Alpha Commands                       ═╣

2025-07-10 13:34:25,337 INFO     ___FILE_ONLY___ ╚
2025-07-10 13:34:25,340 DEBUG    urllib3.connectionpool Starting new HTTPS connection (1): dl.google.com:443
2025-07-10 13:34:26,465 DEBUG    urllib3.connectionpool https://dl.google.com:443 "GET /dl/cloudsdk/channels/rapid/components/google-cloud-sdk-alpha-20250627154417.tar.gz HTTP/11" 200 800
2025-07-10 13:34:26,465 INFO     ___FILE_ONLY___ ════════════════════════════════════════════════════════════
2025-07-10 13:34:26,465 INFO     ___FILE_ONLY___ ╝

2025-07-10 13:34:26,467 INFO     ___FILE_ONLY___ ╔════════════════════════════════════════════════════════════╗

2025-07-10 13:34:26,467 INFO     ___FILE_ONLY___ ╠═ Downloading: gcloud Beta Commands                        ═╣

2025-07-10 13:34:26,468 INFO     ___FILE_ONLY___ ╚
2025-07-10 13:34:26,471 DEBUG    urllib3.connectionpool Starting new HTTPS connection (1): dl.google.com:443
2025-07-10 13:34:27,534 DEBUG    urllib3.connectionpool https://dl.google.com:443 "GET /dl/cloudsdk/channels/rapid/components/google-cloud-sdk-beta-20250627154417.tar.gz HTTP/11" 200 797
2025-07-10 13:34:27,535 INFO     ___FILE_ONLY___ ════════════════════════════════════════════════════════════
2025-07-10 13:34:27,535 INFO     ___FILE_ONLY___ ╝

2025-07-10 13:34:27,537 INFO     ___FILE_ONLY___ ╔════════════════════════════════════════════════════════════╗

2025-07-10 13:34:27,537 INFO     ___FILE_ONLY___ ╠═ Downloading: gcloud Preview Commands                     ═╣

2025-07-10 13:34:27,537 INFO     ___FILE_ONLY___ ╚
2025-07-10 13:34:27,540 DEBUG    urllib3.connectionpool Starting new HTTPS connection (1): dl.google.com:443
2025-07-10 13:34:28,637 DEBUG    urllib3.connectionpool https://dl.google.com:443 "GET /dl/cloudsdk/channels/rapid/components/google-cloud-sdk-preview-20241115154308.tar.gz HTTP/11" 200 823
2025-07-10 13:34:28,638 INFO     ___FILE_ONLY___ ════════════════════════════════════════════════════════════
2025-07-10 13:34:28,638 INFO     ___FILE_ONLY___ ╝

2025-07-10 13:34:28,640 INFO     ___FILE_ONLY___ ╔════════════════════════════════════════════════════════════╗

2025-07-10 13:34:28,640 INFO     ___FILE_ONLY___ ╠═ Installing: gcloud Alpha Commands                        ═╣

2025-07-10 13:34:28,640 INFO     ___FILE_ONLY___ ╚
2025-07-10 13:34:28,641 INFO     ___FILE_ONLY___ ════════════════════════════════════════════════════════════
2025-07-10 13:34:28,641 INFO     ___FILE_ONLY___ ╝

2025-07-10 13:34:28,647 INFO     ___FILE_ONLY___ ╔════════════════════════════════════════════════════════════╗

2025-07-10 13:34:28,647 INFO     ___FILE_ONLY___ ╠═ Installing: gcloud Beta Commands                         ═╣

2025-07-10 13:34:28,647 INFO     ___FILE_ONLY___ ╚
2025-07-10 13:34:28,648 INFO     ___FILE_ONLY___ ════════════════════════════════════════════════════════════
2025-07-10 13:34:28,648 INFO     ___FILE_ONLY___ ╝

2025-07-10 13:34:28,652 INFO     ___FILE_ONLY___ ╔════════════════════════════════════════════════════════════╗

2025-07-10 13:34:28,652 INFO     ___FILE_ONLY___ ╠═ Installing: gcloud Preview Commands                      ═╣

2025-07-10 13:34:28,652 INFO     ___FILE_ONLY___ ╚
2025-07-10 13:34:28,653 INFO     ___FILE_ONLY___ ════════════════════════════════════════════════════════════
2025-07-10 13:34:28,653 INFO     ___FILE_ONLY___ ╝

2025-07-10 13:34:28,658 DEBUG    root            Updating notification cache...
2025-07-10 13:34:28,658 INFO     ___FILE_ONLY___ 

2025-07-10 13:34:28,660 INFO     ___FILE_ONLY___ Performing post processing steps...
2025-07-10 13:34:28,660 DEBUG    root            Executing command: ['/tools/google-cloud-sdk/bin/gcloud', 'components', 'post-process']
2025-07-10 13:34:37,066 DEBUG    ___FILE_ONLY___ 
2025-07-10 13:34:37,067 DEBUG    ___FILE_ONLY___ 
2025-07-10 13:34:37,191 INFO     root            descriptor_list: [{'universeDomain': 'googleapis.com', 'universeShortName': '', 'authenticationDomain': 'auth.cloud.google.com', 'projectPrefix': '', 'cloudWebDomain': 'cloud.google.com', 'documentationDomain': 'cloud.google.com', 'version': '1.0.0', 'state': 'primary', 'artifactRegistryDomain': 'pkg.dev'}]
2025-07-10 13:34:37,191 INFO     ___FILE_ONLY___ 
Update done!


2025-07-10 13:34:37,193 DEBUG    root            Chosen display Format:none
2025-07-10 13:34:37,194 INFO     root            Display format: "none"
